<?xml version="1.0" encoding="UTF-8"?>
<testng-results ignored="0" total="2" passed="2" failed="0" skipped="0">
  <reporter-output>
  </reporter-output>
  <suite started-at="2023-06-17T15:54:32 WAT" name="Default suite" finished-at="2023-06-17T15:54:57 WAT" duration-ms="24843">
    <groups>
    </groups>
    <test started-at="2023-06-17T15:54:32 WAT" name="Default test" finished-at="2023-06-17T15:54:57 WAT" duration-ms="24843">
      <class name="test.loginTests">
        <test-method is-config="true" signature="setup()[pri:0, instance:test.loginTests@6d4e5011]" started-at="2023-06-17T15:54:32 WAT" name="setup" finished-at="2023-06-17T15:54:49 WAT" duration-ms="16431" status="PASS">
          <reporter-output>
          </reporter-output>
        </test-method> <!-- setup -->
        <test-method signature="InvalidLogin()[pri:0, instance:test.loginTests@6d4e5011]" started-at="2023-06-17T15:54:49 WAT" name="InvalidLogin" finished-at="2023-06-17T15:54:53 WAT" duration-ms="4731" status="PASS">
          <reporter-output>
          </reporter-output>
        </test-method> <!-- InvalidLogin -->
        <test-method signature="ValidLogin()[pri:0, instance:test.loginTests@6d4e5011]" started-at="2023-06-17T15:54:53 WAT" name="ValidLogin" finished-at="2023-06-17T15:54:57 WAT" duration-ms="3250" status="PASS">
          <reporter-output>
          </reporter-output>
        </test-method> <!-- ValidLogin -->
        <test-method is-config="true" signature="tearDown()[pri:0, instance:test.loginTests@6d4e5011]" started-at="2023-06-17T15:54:57 WAT" name="tearDown" finished-at="2023-06-17T15:54:57 WAT" duration-ms="371" status="PASS">
          <reporter-output>
          </reporter-output>
        </test-method> <!-- tearDown -->
      </class> <!-- test.loginTests -->
    </test> <!-- Default test -->
  </suite> <!-- Default suite -->
</testng-results>
